<?xml version="1.0" encoding="UTF-8" standalone="no"?>
<testsuite errors="0" failures="1" name="io.cucumber.core.plugin.JUnitFormatter" skipped="0" tests="3" time="31.671">
<testcase classname="feature test the google Functionality" name="scenario Vlaide Google Serach Function" time="30.448">
<system-out><![CDATA[Given Browser Is opened.....................................................passed
When User is On google Search Page..........................................passed
And Enter text..............................................................passed
And Click Enter.............................................................passed
Then validate the All the Links.............................................passed
]]></system-out>
</testcase>
<testcase classname="feature Testing The Functionality of Acti-time" name="Check the Login and Logout Functionality" time="0.074">
<failure message="" type="java.lang.NullPointerException"><![CDATA[Given open the browser......................................................failed
And Switch to Application...................................................skipped
When Enter UserName and passWord............................................skipped
And click on enter..........................................................skipped
Then open Home Page.........................................................skipped

StackTrace:
java.lang.NullPointerException
	at StepDefinitions.Actitimelogin.open_the_browser(Actitimelogin.java:22)
	at ✽.open the browser(file:///D:/MavenTestData/BehaviroulDrivenDevelopmentPoject/src/test/resources/Features/actiLogin.feature:4)
]]></failure>
</testcase>
<testcase classname="feature Test the Application" name="check the login Functionality" time="0.019">
<system-out><![CDATA[Given user is on Login page.................................................passed
When User Enter UserName And Password.......................................passed
And click on Login button...................................................passed
Then User is Navigated To the HomePage......................................passed
]]></system-out>
</testcase>
</testsuite>
